<?xml version="1.0" encoding="UTF-8"?>
<testng-results skipped="0" failed="0" total="1" passed="1">
  <reporter-output>
  </reporter-output>
  <suite name="Suite" duration-ms="26614" started-at="2018-10-05T07:56:39Z" finished-at="2018-10-05T07:57:05Z">
    <groups>
    </groups>
    <test name="Test" duration-ms="26614" started-at="2018-10-05T07:56:39Z" finished-at="2018-10-05T07:57:05Z">
      <class name="Module.KeywordDrivenWithTestNGandMavenRunner">
        <test-method status="PASS" signature="mainMethod()[pri:0, instance:Module.KeywordDrivenWithTestNGandMavenRunner@79b4d0f]" name="mainMethod" duration-ms="26562" started-at="2018-10-05T13:26:39Z" finished-at="2018-10-05T13:27:05Z">
          <reporter-output>
          </reporter-output>
        </test-method> <!-- mainMethod -->
      </class> <!-- Module.KeywordDrivenWithTestNGandMavenRunner -->
    </test> <!-- Test -->
  </suite> <!-- Suite -->
</testng-results>
