<?xml version="1.0" encoding="UTF-8"?>
<testng-results skipped="0" failed="0" total="1" passed="1">
  <reporter-output>
  </reporter-output>
  <suite name="Suite" duration-ms="44232" started-at="2018-10-04T11:25:44Z" finished-at="2018-10-04T11:26:28Z">
    <groups>
    </groups>
    <test name="Test" duration-ms="44232" started-at="2018-10-04T11:25:44Z" finished-at="2018-10-04T11:26:28Z">
      <class name="Module.KeywordDrivenWithTestNGandMavenRunner">
        <test-method status="PASS" signature="mainMethod()[pri:0, instance:Module.KeywordDrivenWithTestNGandMavenRunner@13a57a3b]" name="mainMethod" duration-ms="44175" started-at="2018-10-04T16:55:44Z" finished-at="2018-10-04T16:56:28Z">
          <reporter-output>
          </reporter-output>
        </test-method> <!-- mainMethod -->
      </class> <!-- Module.KeywordDrivenWithTestNGandMavenRunner -->
    </test> <!-- Test -->
  </suite> <!-- Suite -->
</testng-results>
