<?xml version="1.0" encoding="UTF-8"?>
<!-- Generated by org.testng.reporters.JUnitXMLReporter -->
<testsuite hostname="sathvik" ignored="0" name="Practice Grouping" tests="5" failures="0" timestamp="21 Sep 2018 11:16:44 GMT" time="0.198" errors="0">
  <testcase name="Car1" time="0.045" classname="ModuleDataDriven.Grouping"/>
  <testcase name="Car2" time="0.009" classname="ModuleDataDriven.Grouping"/>
  <testcase name="Scooter1" time="0.006" classname="ModuleDataDriven.Grouping"/>
  <testcase name="Scooter2" time="0.005" classname="ModuleDataDriven.Grouping"/>
  <testcase name="Sedan1" time="0.009" classname="ModuleDataDriven.Grouping"/>
</testsuite> <!-- Practice Grouping -->
