<?xml version="1.0" encoding="UTF-8"?>
<!-- Generated by org.testng.reporters.JUnitXMLReporter -->
<testsuite hostname="sathvik" ignored="0" name="Test0" tests="1" failures="1" timestamp="22 Sep 2018 11:04:29 GMT" time="0.085" errors="0">
  <testcase name="search" time="0.0" classname="ModuleDataDriven.DataDrivenTestUsingXML">
    <failure type="org.testng.TestNGException" message="
Parameter &amp;apos;searchword&amp;apos; is required by @Test on method search but has not been marked @Optional or defined
in C:\Users\Naidu\TestingWorkSpace\TestNGProject\src\DataDrivenTestUsingXML.xml">
      <![CDATA[org.testng.TestNGException: 
Parameter 'searchword' is required by @Test on method search but has not been marked @Optional or defined
in C:\Users\Naidu\TestingWorkSpace\TestNGProject\src\DataDrivenTestUsingXML.xml
... Removed 24 stack frames]]>
    </failure>
  </testcase> <!-- search -->
</testsuite> <!-- Test0 -->
