<?xml version="1.0" encoding="UTF-8"?>
<!-- Generated by org.testng.reporters.JUnitXMLReporter -->
<testsuite hostname="sathvik" ignored="0" name="Test" tests="4" failures="1" timestamp="27 Sep 2018 11:23:07 GMT" time="71.656" errors="0">
  <testcase name="launch" time="8.679" classname="Way2SMSModule.LoginPageTesting"/>
  <testcase name="login" time="3.321" classname="Way2SMSModule.LoginPageTesting"/>
  <testcase name="languageSelectMessage" time="58.559" classname="Way2SMSModule.LanguageSMSTest">
    <failure type="java.lang.AssertionError" message="Way2SMS Login Test was Interrupted expected [true] but found [false]">
      <![CDATA[java.lang.AssertionError: Way2SMS Login Test was Interrupted expected [true] but found [false]
at Way2SMSModule.LanguageSMSTest.languageSelectMessage(LanguageSMSTest.java:51)
... Removed 29 stack frames]]>
    </failure>
  </testcase> <!-- languageSelectMessage -->
  <testcase name="close" time="1.071" classname="Way2SMSModule.LoginPageTesting"/>
</testsuite> <!-- Test -->
