<?xml version="1.0" encoding="UTF-8"?>
<!-- Generated by org.testng.reporters.JUnitXMLReporter -->
<testsuite hostname="sathvik" ignored="0" name="Test" tests="4" failures="1" timestamp="26 Sep 2018 08:23:12 GMT" time="67.65" errors="0">
  <testcase name="launch" time="8.47" classname="Way2SMSModule.LoginPageTesting"/>
  <testcase name="login" time="3.292" classname="Way2SMSModule.LoginPageTesting"/>
  <testcase name="sendMessage" time="54.471" classname="Way2SMSModule.SendSMSTest">
    <failure type="java.lang.AssertionError" message="Way2SMS Login Test was Interrupted expected [true] but found [false]">
      <![CDATA[java.lang.AssertionError: Way2SMS Login Test was Interrupted expected [true] but found [false]
at Way2SMSModule.SendSMSTest.sendMessage(SendSMSTest.java:73)
... Removed 29 stack frames]]>
    </failure>
  </testcase> <!-- sendMessage -->
  <testcase name="close" time="1.386" classname="Way2SMSModule.LoginPageTesting"/>
</testsuite> <!-- Test -->
