<?xml version="1.0" encoding="UTF-8"?>
<!-- Generated by org.testng.reporters.JUnitXMLReporter -->
<testsuite hostname="sathvik" ignored="0" name="Test" tests="4" failures="0" timestamp="27 Sep 2018 11:28:04 GMT" time="15.089" errors="0">
  <testcase name="launch" time="8.632" classname="Way2SMSModule.LoginPageTesting"/>
  <testcase name="login" time="3.729" classname="Way2SMSModule.LoginPageTesting"/>
  <testcase name="logout" time="1.758" classname="Way2SMSModule.LogoutTest"/>
  <testcase name="close" time="0.947" classname="Way2SMSModule.LoginPageTesting"/>
</testsuite> <!-- Test -->
