<?xml version="1.0" encoding="UTF-8"?>
<!-- Generated by org.testng.reporters.JUnitXMLReporter -->
<testsuite hostname="sathvik" ignored="0" name="Test" tests="4" failures="1" timestamp="27 Sep 2018 11:29:20 GMT" time="75.649" errors="0">
  <testcase name="launch" time="8.854" classname="Way2SMSModule.LoginPageTesting"/>
  <testcase name="login" time="3.361" classname="Way2SMSModule.LoginPageTesting"/>
  <testcase name="languageSelectMessage" time="62.112" classname="Way2SMSModule.LanguageSMSTest">
    <failure type="java.lang.AssertionError" message="Way2SMS Login Test was Interrupted expected [true] but found [false]">
      <![CDATA[java.lang.AssertionError: Way2SMS Login Test was Interrupted expected [true] but found [false]
at Way2SMSModule.LanguageSMSTest.languageSelectMessage(LanguageSMSTest.java:51)
... Removed 29 stack frames]]>
    </failure>
  </testcase> <!-- languageSelectMessage -->
  <testcase name="close" time="1.299" classname="Way2SMSModule.LoginPageTesting"/>
</testsuite> <!-- Test -->
