<?xml version="1.0" encoding="UTF-8"?>
<!-- Generated by org.testng.reporters.JUnitXMLReporter -->
<testsuite hostname="sathvik" ignored="0" name="Test" tests="6" failures="0" timestamp="05 Oct 2018 06:46:58 GMT" time="5.384" errors="0">
  <testcase name="f3" time="0.029" classname="AppsTesting.Sample3"/>
  <testcase name="f" time="0.014" classname="AppsTesting.TestNGExecutionFlow"/>
  <testcase name="f1" time="0.023" classname="AppsTesting.Sample1"/>
  <testcase name="f" time="0.035" classname="AppsTesting.Sample2"/>
  <testcase name="f2" time="0.015" classname="AppsTesting.Sample2"/>
  <testcase name="f4" time="0.014" classname="AppsTesting.Sample4"/>
</testsuite> <!-- Test -->
