<?xml version="1.0" encoding="UTF-8"?>
<!-- Generated by org.testng.reporters.JUnitXMLReporter -->
<testsuite hostname="sathvik" ignored="0" name="Test3" tests="3" failures="0" timestamp="27 Sep 2018 11:26:37 GMT" time="40.415" errors="0">
  <testcase name="launch" time="36.779" classname="Way2SMSModule.LoginPageTesting"/>
  <testcase name="login" time="1.311" classname="Way2SMSModule.LoginPageTesting"/>
  <testcase name="close" time="2.142" classname="Way2SMSModule.LoginPageTesting"/>
</testsuite> <!-- Test3 -->
