<?xml version="1.0" encoding="UTF-8"?>
<!-- Generated by org.testng.reporters.JUnitXMLReporter -->
<testsuite hostname="sathvik" ignored="0" name="Test1" tests="3" failures="0" timestamp="27 Sep 2018 11:26:40 GMT" time="43.941" errors="0">
  <testcase name="launch" time="38.953" classname="Way2SMSModule.LoginPageTesting"/>
  <testcase name="login" time="3.835" classname="Way2SMSModule.LoginPageTesting"/>
  <testcase name="close" time="0.972" classname="Way2SMSModule.LoginPageTesting"/>
</testsuite> <!-- Test1 -->
