<?xml version="1.0" encoding="UTF-8"?>
<!-- Generated by org.testng.reporters.JUnitXMLReporter -->
<testsuite hostname="sathvik" ignored="0" name="Test2" tests="3" failures="0" timestamp="27 Sep 2018 11:26:38 GMT" time="41.331" errors="0">
  <testcase name="launch" time="38.646" classname="Way2SMSModule.LoginPageTesting"/>
  <testcase name="login" time="1.323" classname="Way2SMSModule.LoginPageTesting"/>
  <testcase name="close" time="1.185" classname="Way2SMSModule.LoginPageTesting"/>
</testsuite> <!-- Test2 -->
